2018/01/15 10:02:17 INFO 函数名：open_browser 操作:open the Chrome browser
2018/01/15 10:36:58 INFO 函数名：<module> 操作:s
2018/01/15 11:23:50 INFO 函数名：open_browser 操作:open the Chrome browser
2018/01/15 11:26:46 INFO 函数名：open_browser 操作:open the Chrome browser
2018/01/15 11:26:58 INFO 函数名：open_browser 操作:open the Chrome browser
2018/01/15 11:27:16 INFO 函数名：open_browser 操作:open the Chrome browser
2018/01/15 11:27:43 INFO 函数名：open_browser 操作:open the Chrome browser
2018/01/15 11:29:28 INFO 函数名：open_browser 操作:open the Chrome browser
2018/01/15 11:29:42 INFO 函数名：open_browser 操作:open the Chrome browser
2018/01/15 11:30:27 INFO 函数名：open_browser 操作:open the Chrome browser
2018/01/15 11:31:52 INFO 函数名：open_browser 操作:open the Chrome browser
2018/01/15 11:34:32 INFO 函数名：open_browser 操作:open the Chrome browser
2018/01/15 11:42:42 INFO 函数名：open_browser 操作:open the Chrome browser
2018/01/15 11:49:54 INFO 函数名：open_browser 操作:open the Chrome browser
2018/01/15 11:49:54 INFO 函数名：open_browser 操作:open the Chrome browser
2018/01/15 11:50:23 INFO 函数名：open_browser 操作:open the Chrome browser
2018/01/15 11:50:23 INFO 函数名：open_browser 操作:open the Chrome browser
2018/01/15 11:52:54 INFO 函数名：open_browser 操作:open the Chrome browser
2018/01/15 11:52:54 INFO 函数名：open_browser 操作:open the Chrome browser
2018/01/15 11:55:41 INFO 函数名：open_browser 操作:open the Chrome browser
2018/01/15 11:56:28 INFO 函数名：open_browser 操作:open the Chrome browser
2018/01/15 11:56:28 INFO 函数名：open_browser 操作:open the Chrome browser
2018/01/15 11:57:02 INFO 函数名：open_browser 操作:open the Chrome browser
2018/01/15 11:57:02 INFO 函数名：open_browser 操作:open the Chrome browser
2018/01/15 11:57:05 INFO 函数名：quit 操作:quit browser
2018/01/15 11:57:05 INFO 函数名：quit 操作:quit browser
2018/01/15 13:34:07 INFO 函数名：open_browser 操作:open the Chrome browser
2018/01/15 13:34:07 INFO 函数名：open_browser 操作:open the Chrome browser
2018/01/15 13:34:10 INFO 函数名：quit 操作:quit browser
2018/01/15 13:34:10 INFO 函数名：quit 操作:quit browser
2018/01/15 13:36:08 INFO 函数名：open_browser 操作:open the Chrome browser
2018/01/15 13:36:08 INFO 函数名：open_browser 操作:open the Chrome browser
2018/01/15 13:38:01 INFO 函数名：open_browser 操作:open the Chrome browser
2018/01/15 13:38:01 INFO 函数名：open_browser 操作:open the Chrome browser
2018/01/15 13:39:03 INFO 函数名：open_browser 操作:open the Chrome browser
2018/01/15 13:39:03 INFO 函数名：open_browser 操作:open the Chrome browser
2018/01/15 13:39:27 INFO 函数名：open_browser 操作:open the Chrome browser
2018/01/15 13:39:27 INFO 函数名：open_browser 操作:open the Chrome browser
2018/01/15 13:55:56 INFO 函数名：open_browser 操作:open the Chrome browser
2018/01/15 13:55:56 INFO 函数名：open_browser 操作:open the Chrome browser
2018/01/15 13:56:20 INFO 函数名：open_browser 操作:open the Chrome browser
2018/01/15 13:56:20 INFO 函数名：open_browser 操作:open the Chrome browser
2018/01/15 13:57:32 INFO 函数名：open_browser 操作:open the Chrome browser
2018/01/15 13:57:32 INFO 函数名：open_browser 操作:open the Chrome browser
2018/01/15 13:57:53 INFO 函数名：open_browser 操作:open the Chrome browser
2018/01/15 13:57:53 INFO 函数名：open_browser 操作:open the Chrome browser
2018/01/15 14:02:06 INFO 函数名：open_browser 操作:open the Chrome browser
2018/01/15 14:02:06 INFO 函数名：open_browser 操作:open the Chrome browser
2018/01/15 14:02:31 INFO 函数名：open_browser 操作:open the Chrome browser
2018/01/15 14:02:31 INFO 函数名：open_browser 操作:open the Chrome browser
2018/01/15 14:02:59 INFO 函数名：open_browser 操作:open the Chrome browser
2018/01/15 14:02:59 INFO 函数名：open_browser 操作:open the Chrome browser
2018/01/15 14:03:04 INFO 函数名：quit 操作:quit browser
2018/01/15 14:03:04 INFO 函数名：quit 操作:quit browser
2018/01/15 14:04:56 INFO 函数名：open_browser 操作:open the Chrome browser
2018/01/15 14:04:56 INFO 函数名：open_browser 操作:open the Chrome browser
2018/01/15 14:05:01 INFO 函数名：quit 操作:quit browser
2018/01/15 14:05:01 INFO 函数名：quit 操作:quit browser
2018/01/15 14:06:29 INFO 函数名：open_browser 操作:open the Chrome browser
2018/01/15 14:06:29 INFO 函数名：open_browser 操作:open the Chrome browser
2018/01/15 14:06:34 INFO 函数名：quit 操作:quit browser
2018/01/15 14:06:34 INFO 函数名：quit 操作:quit browser
2018/01/15 14:07:05 INFO 函数名：open_browser 操作:open the Chrome browser
2018/01/15 14:07:05 INFO 函数名：open_browser 操作:open the Chrome browser
2018/01/15 14:07:09 INFO 函数名：quit 操作:quit browser
2018/01/15 14:07:09 INFO 函数名：quit 操作:quit browser
2018/01/15 14:09:55 INFO 函数名：open_browser 操作:open the Chrome browser
2018/01/15 14:09:55 INFO 函数名：open_browser 操作:open the Chrome browser
2018/01/15 14:10:51 INFO 函数名：quit 操作:quit browser
2018/01/15 14:10:51 INFO 函数名：quit 操作:quit browser
2018/01/15 14:11:57 INFO 函数名：open_browser 操作:open the Chrome browser
2018/01/15 14:11:57 INFO 函数名：open_browser 操作:open the Chrome browser
2018/01/15 14:12:01 INFO 函数名：quit 操作:quit browser
2018/01/15 14:12:01 INFO 函数名：quit 操作:quit browser
2018/01/15 14:23:01 INFO 函数名：open_browser 操作:open the Chrome browser
2018/01/15 14:23:01 INFO 函数名：open_browser 操作:open the Chrome browser
2018/01/15 14:23:06 INFO 函数名：quit 操作:quit browser
2018/01/15 14:23:06 INFO 函数名：quit 操作:quit browser
2018/01/15 14:24:25 INFO 函数名：open_browser 操作:open the Chrome browser
2018/01/15 14:24:25 INFO 函数名：open_browser 操作:open the Chrome browser
2018/01/15 14:24:56 INFO 函数名：open_browser 操作:open the Chrome browser
2018/01/15 14:24:56 INFO 函数名：open_browser 操作:open the Chrome browser
2018/01/15 15:43:56 INFO 函数名：open_browser 操作:open the Chrome browser
2018/01/15 15:43:56 INFO 函数名：open_browser 操作:open the Chrome browser
2018/01/15 15:44:27 INFO 函数名：open_browser 操作:open the Chrome browser
2018/01/15 15:44:27 INFO 函数名：open_browser 操作:open the Chrome browser
2018/01/15 15:48:51 INFO 函数名：open_browser 操作:open the Chrome browser
2018/01/15 15:48:51 INFO 函数名：open_browser 操作:open the Chrome browser
2018/01/15 15:51:54 INFO 函数名：open_browser 操作:open the Chrome browser
2018/01/15 15:51:54 INFO 函数名：open_browser 操作:open the Chrome browser
2018/01/15 15:54:20 INFO 函数名：open_browser 操作:open the Chrome browser
2018/01/15 15:54:20 INFO 函数名：open_browser 操作:open the Chrome browser
2018/01/15 15:54:57 INFO 函数名：open_browser 操作:open the Chrome browser
2018/01/15 15:54:57 INFO 函数名：open_browser 操作:open the Chrome browser
2018/01/15 15:56:02 INFO 函数名：open_browser 操作:open the Chrome browser
2018/01/15 15:56:02 INFO 函数名：open_browser 操作:open the Chrome browser
2018/01/15 15:57:28 INFO 函数名：open_browser 操作:open the Chrome browser
2018/01/15 15:57:28 INFO 函数名：open_browser 操作:open the Chrome browser
2018/01/15 15:58:00 INFO 函数名：open_browser 操作:open the Chrome browser
2018/01/15 15:58:00 INFO 函数名：open_browser 操作:open the Chrome browser
2018/01/15 15:58:25 INFO 函数名：open_browser 操作:open the Chrome browser
2018/01/15 15:58:25 INFO 函数名：open_browser 操作:open the Chrome browser
2018/01/15 15:58:25 ERROR 函数名：find 操作: =>  does not exist
2018/01/15 15:58:25 ERROR 函数名：find 操作: =>  does not exist
2018/01/15 15:59:12 INFO 函数名：open_browser 操作:open the Chrome browser
2018/01/15 15:59:12 INFO 函数名：open_browser 操作:open the Chrome browser
2018/01/15 15:59:12 ERROR 函数名：find 操作: =>  does not exist
2018/01/15 15:59:12 ERROR 函数名：find 操作: =>  does not exist
2018/01/15 15:59:55 INFO 函数名：open_browser 操作:open the Chrome browser
2018/01/15 15:59:55 INFO 函数名：open_browser 操作:open the Chrome browser
2018/01/15 15:59:55 ERROR 函数名：find 操作: =>  does not exist
2018/01/15 15:59:55 ERROR 函数名：find 操作: =>  does not exist
2018/01/15 16:00:36 INFO 函数名：open_browser 操作:open the Chrome browser
2018/01/15 16:00:36 INFO 函数名：open_browser 操作:open the Chrome browser
2018/01/15 16:00:36 ERROR 函数名：find 操作: =>  does not exist
2018/01/15 16:00:36 ERROR 函数名：find 操作: =>  does not exist
2018/01/15 16:01:21 INFO 函数名：open_browser 操作:open the Chrome browser
2018/01/15 16:01:21 INFO 函数名：open_browser 操作:open the Chrome browser
2018/01/15 16:01:21 ERROR 函数名：find 操作: =>  does not exist
2018/01/15 16:01:21 ERROR 函数名：find 操作: =>  does not exist
2018/01/15 16:02:29 INFO 函数名：open_browser 操作:open the Chrome browser
2018/01/15 16:02:29 INFO 函数名：open_browser 操作:open the Chrome browser
2018/01/15 16:02:29 ERROR 函数名：find 操作: =>  does not exist
2018/01/15 16:02:29 ERROR 函数名：find 操作: =>  does not exist
2018/01/15 16:02:30 INFO 函数名：sleep 操作:Sleep for 1 seconds
2018/01/15 16:02:30 INFO 函数名：sleep 操作:Sleep for 1 seconds
2018/01/15 16:02:31 INFO 函数名：sleep 操作:Sleep for 1 seconds
2018/01/15 16:02:31 INFO 函数名：sleep 操作:Sleep for 1 seconds
2018/01/15 16:02:32 INFO 函数名：sleep 操作:Sleep for 1 seconds
2018/01/15 16:02:32 INFO 函数名：sleep 操作:Sleep for 1 seconds
2018/01/15 16:02:32 ERROR 函数名：find 操作: =>  does not exist
2018/01/15 16:02:32 ERROR 函数名：find 操作: =>  does not exist
2018/01/15 16:03:21 INFO 函数名：open_browser 操作:open the Chrome browser
2018/01/15 16:03:21 INFO 函数名：open_browser 操作:open the Chrome browser
2018/01/15 16:03:21 ERROR 函数名：find 操作: =>  does not exist
2018/01/15 16:03:21 ERROR 函数名：find 操作: =>  does not exist
2018/01/15 16:03:22 INFO 函数名：sleep 操作:Sleep for 1 seconds
2018/01/15 16:03:22 INFO 函数名：sleep 操作:Sleep for 1 seconds
2018/01/15 16:03:23 INFO 函数名：sleep 操作:Sleep for 1 seconds
2018/01/15 16:03:23 INFO 函数名：sleep 操作:Sleep for 1 seconds
2018/01/15 16:03:24 INFO 函数名：sleep 操作:Sleep for 1 seconds
2018/01/15 16:03:24 INFO 函数名：sleep 操作:Sleep for 1 seconds
2018/01/15 16:03:55 INFO 函数名：open_browser 操作:open the Chrome browser
2018/01/15 16:03:55 INFO 函数名：open_browser 操作:open the Chrome browser
2018/01/15 16:04:01 ERROR 函数名：find 操作: =>  does not exist
2018/01/15 16:04:01 ERROR 函数名：find 操作: =>  does not exist
2018/01/15 16:04:02 INFO 函数名：sleep 操作:Sleep for 1 seconds
2018/01/15 16:04:02 INFO 函数名：sleep 操作:Sleep for 1 seconds
2018/01/15 16:04:29 INFO 函数名：open_browser 操作:open the Chrome browser
2018/01/15 16:04:29 INFO 函数名：open_browser 操作:open the Chrome browser
2018/01/15 16:04:30 INFO 函数名：sleep 操作:Sleep for 1 seconds
2018/01/15 16:04:30 INFO 函数名：sleep 操作:Sleep for 1 seconds
2018/01/15 16:04:31 INFO 函数名：sleep 操作:Sleep for 1 seconds
2018/01/15 16:04:31 INFO 函数名：sleep 操作:Sleep for 1 seconds
2018/01/15 16:04:32 INFO 函数名：sleep 操作:Sleep for 1 seconds
2018/01/15 16:04:32 INFO 函数名：sleep 操作:Sleep for 1 seconds
2018/01/15 16:05:00 INFO 函数名：open_browser 操作:open the Chrome browser
2018/01/15 16:05:00 INFO 函数名：open_browser 操作:open the Chrome browser
2018/01/15 16:07:06 INFO 函数名：open_browser 操作:open the Chrome browser
2018/01/15 16:07:06 INFO 函数名：open_browser 操作:open the Chrome browser
2018/01/15 16:08:41 INFO 函数名：open_browser 操作:open the Chrome browser
2018/01/15 16:08:41 INFO 函数名：open_browser 操作:open the Chrome browser
2018/01/15 16:12:01 INFO 函数名：open_browser 操作:open the Chrome browser
2018/01/15 16:12:01 INFO 函数名：open_browser 操作:open the Chrome browser
2018/01/15 16:14:48 INFO 函数名：open_browser 操作:open the Chrome browser
2018/01/15 16:14:48 INFO 函数名：open_browser 操作:open the Chrome browser
2018/01/15 16:17:08 INFO 函数名：open_browser 操作:open the Chrome browser
2018/01/15 16:17:08 INFO 函数名：open_browser 操作:open the Chrome browser
2018/01/15 16:20:26 INFO 函数名：open_browser 操作:open the Chrome browser
2018/01/15 16:20:26 INFO 函数名：open_browser 操作:open the Chrome browser
2018/01/15 16:22:20 INFO 函数名：open_browser 操作:open the Chrome browser
2018/01/15 16:22:20 INFO 函数名：open_browser 操作:open the Chrome browser
2018/01/15 16:22:20 INFO 函数名：click 操作:The element was clicked.
2018/01/15 16:22:20 INFO 函数名：click 操作:The element was clicked.
2018/01/15 16:22:21 INFO 函数名：sleep 操作:Sleep for 1 seconds
2018/01/15 16:22:21 INFO 函数名：sleep 操作:Sleep for 1 seconds
2018/01/15 16:22:22 INFO 函数名：sleep 操作:Sleep for 1 seconds
2018/01/15 16:22:22 INFO 函数名：sleep 操作:Sleep for 1 seconds
2018/01/15 16:22:23 INFO 函数名：sleep 操作:Sleep for 1 seconds
2018/01/15 16:22:23 INFO 函数名：sleep 操作:Sleep for 1 seconds
2018/01/15 16:22:23 INFO 函数名：click 操作:The element was clicked.
2018/01/15 16:22:23 INFO 函数名：click 操作:The element was clicked.
2018/01/15 16:22:28 INFO 函数名：sleep 操作:Sleep for 5 seconds
2018/01/15 16:22:28 INFO 函数名：sleep 操作:Sleep for 5 seconds
2018/01/15 16:25:07 INFO 函数名：open_browser 操作:open the Chrome browser
2018/01/15 16:25:07 INFO 函数名：open_browser 操作:open the Chrome browser
2018/01/15 16:25:08 INFO 函数名：click 操作:The element was clicked.
2018/01/15 16:25:08 INFO 函数名：click 操作:The element was clicked.
2018/01/15 16:25:11 INFO 函数名：click 操作:The element was clicked.
2018/01/15 16:25:11 INFO 函数名：click 操作:The element was clicked.
2018/01/15 16:28:05 INFO 函数名：open_browser 操作:open the Chrome browser
2018/01/15 16:28:05 INFO 函数名：open_browser 操作:open the Chrome browser
2018/01/15 16:28:05 ERROR 函数名：find 操作: =>  does not exist
2018/01/15 16:28:05 ERROR 函数名：find 操作: =>  does not exist
2018/01/15 16:34:15 INFO 函数名：open_browser 操作:open the Chrome browser
2018/01/15 16:34:15 INFO 函数名：open_browser 操作:open the Chrome browser
2018/01/15 16:34:15 INFO 函数名：click 操作:The element was clicked.
2018/01/15 16:34:15 INFO 函数名：click 操作:The element was clicked.
2018/01/15 16:34:16 INFO 函数名：sleep 操作:Sleep for 1 seconds
2018/01/15 16:34:16 INFO 函数名：sleep 操作:Sleep for 1 seconds
2018/01/15 16:34:17 INFO 函数名：sleep 操作:Sleep for 1 seconds
2018/01/15 16:34:17 INFO 函数名：sleep 操作:Sleep for 1 seconds
2018/01/15 16:34:18 INFO 函数名：sleep 操作:Sleep for 1 seconds
2018/01/15 16:34:18 INFO 函数名：sleep 操作:Sleep for 1 seconds
2018/01/15 16:34:18 INFO 函数名：click 操作:The element was clicked.
2018/01/15 16:34:18 INFO 函数名：click 操作:The element was clicked.
2018/01/15 16:34:23 INFO 函数名：sleep 操作:Sleep for 5 seconds
2018/01/15 16:34:23 INFO 函数名：sleep 操作:Sleep for 5 seconds
2018/01/15 16:44:07 INFO 函数名：open_browser 操作:open the Chrome browser
2018/01/15 16:44:07 INFO 函数名：click 操作:The element was clicked.
2018/01/15 16:44:08 INFO 函数名：sleep 操作:Sleep for 1 seconds
2018/01/15 16:44:47 INFO 函数名：open_browser 操作:open the Chrome browser
2018/01/15 16:44:48 INFO 函数名：click 操作:The element was clicked.
2018/01/15 16:44:49 INFO 函数名：sleep 操作:Sleep for 1 seconds
2018/01/15 16:45:38 INFO 函数名：open_browser 操作:open the Chrome browser
2018/01/15 16:45:38 ERROR 函数名：find 操作: =>  does not exist
2018/01/15 16:48:36 INFO 函数名：open_browser 操作:open the Chrome browser
2018/01/15 16:48:36 INFO 函数名：click 操作:The element was clicked.
2018/01/15 16:48:37 INFO 函数名：sleep 操作:Sleep for 1 seconds
2018/01/15 16:50:38 INFO 函数名：open_browser 操作:open the Chrome browser
2018/01/15 16:50:39 INFO 函数名：sleep 操作:Sleep for 1 seconds
2018/01/15 16:50:39 INFO 函数名：click 操作:The element was clicked.
2018/01/15 16:50:40 INFO 函数名：sleep 操作:Sleep for 1 seconds
2018/01/15 16:51:26 INFO 函数名：open_browser 操作:open the Chrome browser
2018/01/15 16:51:27 INFO 函数名：sleep 操作:Sleep for 1 seconds
2018/01/15 16:51:27 INFO 函数名：click 操作:The element was clicked.
2018/01/15 16:51:28 INFO 函数名：sleep 操作:Sleep for 1 seconds
2018/01/15 16:51:28 INFO 函数名：type 操作:Had type ' cw5212 ' in inputBox
2018/01/15 16:51:29 INFO 函数名：sleep 操作:Sleep for 1 seconds
2018/01/15 16:51:29 INFO 函数名：type 操作:Had type ' 123456789 ' in inputBox
2018/01/15 16:51:30 INFO 函数名：sleep 操作:Sleep for 1 seconds
2018/01/15 16:51:30 INFO 函数名：click 操作:The element was clicked.
2018/01/15 16:51:35 INFO 函数名：sleep 操作:Sleep for 5 seconds
2018/01/15 16:58:38 INFO 函数名：open_browser 操作:open the Chrome browser
2018/01/15 16:58:39 INFO 函数名：sleep 操作:Sleep for 1 seconds
2018/01/15 16:58:39 INFO 函数名：click 操作:The element was clicked.
2018/01/15 17:00:30 INFO 函数名：open_browser 操作:open the Chrome browser
2018/01/15 17:00:31 INFO 函数名：sleep 操作:Sleep for 1 seconds
2018/01/15 17:00:31 INFO 函数名：click 操作:The element was clicked.
2018/01/15 17:00:37 INFO 函数名：open_browser 操作:open the Chrome browser
2018/01/15 17:00:38 INFO 函数名：sleep 操作:Sleep for 1 seconds
2018/01/15 17:00:38 ERROR 函数名：find 操作: =>  does not exist
2018/01/15 17:01:41 INFO 函数名：open_browser 操作:open the Chrome browser
2018/01/15 17:01:42 INFO 函数名：sleep 操作:Sleep for 1 seconds
2018/01/15 17:01:42 INFO 函数名：click 操作:The element was clicked.
2018/01/15 17:01:48 INFO 函数名：open_browser 操作:open the Chrome browser
2018/01/15 17:01:49 INFO 函数名：sleep 操作:Sleep for 1 seconds
2018/01/15 17:01:49 ERROR 函数名：find 操作: =>  does not exist
2018/01/15 17:05:49 INFO 函数名：open_browser 操作:open the Chrome browser
2018/01/15 17:05:50 INFO 函数名：sleep 操作:Sleep for 1 seconds
2018/01/15 17:05:50 INFO 函数名：click 操作:The element was clicked.
